This is pdfTeX, Version 3.1415926-2.4-1.40.13 (TeX Live 2012) (format=pdflatex 2013.1.27)  29 JAN 2014 14:55
entering extended mode
 restricted \write18 enabled.
 %&-line parsing enabled.
**Fronte.tex -recorder
(./Fronte.tex
LaTeX2e <2011/06/27>
Babel <v3.8m> and hyphenation patterns for english, dumylang, nohyphenation, ge
rman-x-2012-05-30, ngerman-x-2012-05-30, afrikaans, ancientgreek, ibycus, arabi
c, armenian, basque, bulgarian, catalan, pinyin, coptic, croatian, czech, danis
h, dutch, ukenglish, usenglishmax, esperanto, estonian, ethiopic, farsi, finnis
h, french, friulan, galician, german, ngerman, swissgerman, monogreek, greek, h
ungarian, icelandic, assamese, bengali, gujarati, hindi, kannada, malayalam, ma
rathi, oriya, panjabi, tamil, telugu, indonesian, interlingua, irish, italian, 
kurmanji, latin, latvian, lithuanian, mongolian, mongolianlmc, bokmal, nynorsk,
 polish, portuguese, romanian, romansh, russian, sanskrit, serbian, serbianc, s
lovak, slovenian, spanish, swedish, turkish, turkmen, ukrainian, uppersorbian, 
welsh, loaded.
(/usr/local/texlive/2012/texmf-dist/tex/latex/base/book.cls
Document Class: book 2007/10/19 v1.4h Standard LaTeX document class
(/usr/local/texlive/2012/texmf-dist/tex/latex/base/bk11.clo
File: bk11.clo 2007/10/19 v1.4h Standard LaTeX file (size option)
)
\c@part=\count79
\c@chapter=\count80
\c@section=\count81
\c@subsection=\count82
\c@subsubsection=\count83
\c@paragraph=\count84
\c@subparagraph=\count85
\c@figure=\count86
\c@table=\count87
\abovecaptionskip=\skip41
\belowcaptionskip=\skip42
\bibindent=\dimen102
)
(/usr/local/texlive/2012/texmf-dist/tex/generic/babel/babel.sty
Package: babel 2008/07/08 v3.8m The Babel package

(/usr/local/texlive/2012/texmf-dist/tex/generic/babel/english.ldf
Language: english 2005/03/30 v3.3o English support from the babel system

(/usr/local/texlive/2012/texmf-dist/tex/generic/babel/babel.def
File: babel.def 2008/07/08 v3.8m Babel common definitions
\babel@savecnt=\count88
\U@D=\dimen103
)
\l@canadian = a dialect from \language\l@american 
\l@australian = a dialect from \language\l@british 
\l@newzealand = a dialect from \language\l@british 
))
(/usr/local/texlive/2012/texmf-dist/tex/latex/base/inputenc.sty
Package: inputenc 2008/03/30 v1.1d Input encoding file
\inpenc@prehook=\toks14
\inpenc@posthook=\toks15

(/usr/local/texlive/2012/texmf-dist/tex/latex/base/utf8.def
File: utf8.def 2008/04/05 v1.1m UTF-8 support for inputenc
Now handling font encoding OML ...
... no UTF-8 mapping file for font encoding OML
Now handling font encoding T1 ...
... processing UTF-8 mapping file for font encoding T1

(/usr/local/texlive/2012/texmf-dist/tex/latex/base/t1enc.dfu
File: t1enc.dfu 2008/04/05 v1.1m UTF-8 support for inputenc
   defining Unicode char U+00A1 (decimal 161)
   defining Unicode char U+00A3 (decimal 163)
   defining Unicode char U+00AB (decimal 171)
   defining Unicode char U+00BB (decimal 187)
   defining Unicode char U+00BF (decimal 191)
   defining Unicode char U+00C0 (decimal 192)
   defining Unicode char U+00C1 (decimal 193)
   defining Unicode char U+00C2 (decimal 194)
   defining Unicode char U+00C3 (decimal 195)
   defining Unicode char U+00C4 (decimal 196)
   defining Unicode char U+00C5 (decimal 197)
   defining Unicode char U+00C6 (decimal 198)
   defining Unicode char U+00C7 (decimal 199)
   defining Unicode char U+00C8 (decimal 200)
   defining Unicode char U+00C9 (decimal 201)
   defining Unicode char U+00CA (decimal 202)
   defining Unicode char U+00CB (decimal 203)
   defining Unicode char U+00CC (decimal 204)
   defining Unicode char U+00CD (decimal 205)
   defining Unicode char U+00CE (decimal 206)
   defining Unicode char U+00CF (decimal 207)
   defining Unicode char U+00D0 (decimal 208)
   defining Unicode char U+00D1 (decimal 209)
   defining Unicode char U+00D2 (decimal 210)
   defining Unicode char U+00D3 (decimal 211)
   defining Unicode char U+00D4 (decimal 212)
   defining Unicode char U+00D5 (decimal 213)
   defining Unicode char U+00D6 (decimal 214)
   defining Unicode char U+00D8 (decimal 216)
   defining Unicode char U+00D9 (decimal 217)
   defining Unicode char U+00DA (decimal 218)
   defining Unicode char U+00DB (decimal 219)
   defining Unicode char U+00DC (decimal 220)
   defining Unicode char U+00DD (decimal 221)
   defining Unicode char U+00DE (decimal 222)
   defining Unicode char U+00DF (decimal 223)
   defining Unicode char U+00E0 (decimal 224)
   defining Unicode char U+00E1 (decimal 225)
   defining Unicode char U+00E2 (decimal 226)
   defining Unicode char U+00E3 (decimal 227)
   defining Unicode char U+00E4 (decimal 228)
   defining Unicode char U+00E5 (decimal 229)
   defining Unicode char U+00E6 (decimal 230)
   defining Unicode char U+00E7 (decimal 231)
   defining Unicode char U+00E8 (decimal 232)
   defining Unicode char U+00E9 (decimal 233)
   defining Unicode char U+00EA (decimal 234)
   defining Unicode char U+00EB (decimal 235)
   defining Unicode char U+00EC (decimal 236)
   defining Unicode char U+00ED (decimal 237)
   defining Unicode char U+00EE (decimal 238)
   defining Unicode char U+00EF (decimal 239)
   defining Unicode char U+00F0 (decimal 240)
   defining Unicode char U+00F1 (decimal 241)
   defining Unicode char U+00F2 (decimal 242)
   defining Unicode char U+00F3 (decimal 243)
   defining Unicode char U+00F4 (decimal 244)
   defining Unicode char U+00F5 (decimal 245)
   defining Unicode char U+00F6 (decimal 246)
   defining Unicode char U+00F8 (decimal 248)
   defining Unicode char U+00F9 (decimal 249)
   defining Unicode char U+00FA (decimal 250)
   defining Unicode char U+00FB (decimal 251)
   defining Unicode char U+00FC (decimal 252)
   defining Unicode char U+00FD (decimal 253)
   defining Unicode char U+00FE (decimal 254)
   defining Unicode char U+00FF (decimal 255)
   defining Unicode char U+0102 (decimal 258)
   defining Unicode char U+0103 (decimal 259)
   defining Unicode char U+0104 (decimal 260)
   defining Unicode char U+0105 (decimal 261)
   defining Unicode char U+0106 (decimal 262)
   defining Unicode char U+0107 (decimal 263)
   defining Unicode char U+010C (decimal 268)
   defining Unicode char U+010D (decimal 269)
   defining Unicode char U+010E (decimal 270)
   defining Unicode char U+010F (decimal 271)
   defining Unicode char U+0110 (decimal 272)
   defining Unicode char U+0111 (decimal 273)
   defining Unicode char U+0118 (decimal 280)
   defining Unicode char U+0119 (decimal 281)
   defining Unicode char U+011A (decimal 282)
   defining Unicode char U+011B (decimal 283)
   defining Unicode char U+011E (decimal 286)
   defining Unicode char U+011F (decimal 287)
   defining Unicode char U+0130 (decimal 304)
   defining Unicode char U+0131 (decimal 305)
   defining Unicode char U+0132 (decimal 306)
   defining Unicode char U+0133 (decimal 307)
   defining Unicode char U+0139 (decimal 313)
   defining Unicode char U+013A (decimal 314)
   defining Unicode char U+013D (decimal 317)
   defining Unicode char U+013E (decimal 318)
   defining Unicode char U+0141 (decimal 321)
   defining Unicode char U+0142 (decimal 322)
   defining Unicode char U+0143 (decimal 323)
   defining Unicode char U+0144 (decimal 324)
   defining Unicode char U+0147 (decimal 327)
   defining Unicode char U+0148 (decimal 328)
   defining Unicode char U+014A (decimal 330)
   defining Unicode char U+014B (decimal 331)
   defining Unicode char U+0150 (decimal 336)
   defining Unicode char U+0151 (decimal 337)
   defining Unicode char U+0152 (decimal 338)
   defining Unicode char U+0153 (decimal 339)
   defining Unicode char U+0154 (decimal 340)
   defining Unicode char U+0155 (decimal 341)
   defining Unicode char U+0158 (decimal 344)
   defining Unicode char U+0159 (decimal 345)
   defining Unicode char U+015A (decimal 346)
   defining Unicode char U+015B (decimal 347)
   defining Unicode char U+015E (decimal 350)
   defining Unicode char U+015F (decimal 351)
   defining Unicode char U+0160 (decimal 352)
   defining Unicode char U+0161 (decimal 353)
   defining Unicode char U+0162 (decimal 354)
   defining Unicode char U+0163 (decimal 355)
   defining Unicode char U+0164 (decimal 356)
   defining Unicode char U+0165 (decimal 357)
   defining Unicode char U+016E (decimal 366)
   defining Unicode char U+016F (decimal 367)
   defining Unicode char U+0170 (decimal 368)
   defining Unicode char U+0171 (decimal 369)
   defining Unicode char U+0178 (decimal 376)
   defining Unicode char U+0179 (decimal 377)
   defining Unicode char U+017A (decimal 378)
   defining Unicode char U+017B (decimal 379)
   defining Unicode char U+017C (decimal 380)
   defining Unicode char U+017D (decimal 381)
   defining Unicode char U+017E (decimal 382)
   defining Unicode char U+200C (decimal 8204)
   defining Unicode char U+2013 (decimal 8211)
   defining Unicode char U+2014 (decimal 8212)
   defining Unicode char U+2018 (decimal 8216)
   defining Unicode char U+2019 (decimal 8217)
   defining Unicode char U+201A (decimal 8218)
   defining Unicode char U+201C (decimal 8220)
   defining Unicode char U+201D (decimal 8221)
   defining Unicode char U+201E (decimal 8222)
   defining Unicode char U+2030 (decimal 8240)
   defining Unicode char U+2031 (decimal 8241)
   defining Unicode char U+2039 (decimal 8249)
   defining Unicode char U+203A (decimal 8250)
   defining Unicode char U+2423 (decimal 9251)
)
Now handling font encoding OT1 ...
... processing UTF-8 mapping file for font encoding OT1

(/usr/local/texlive/2012/texmf-dist/tex/latex/base/ot1enc.dfu
File: ot1enc.dfu 2008/04/05 v1.1m UTF-8 support for inputenc
   defining Unicode char U+00A1 (decimal 161)
   defining Unicode char U+00A3 (decimal 163)
   defining Unicode char U+00B8 (decimal 184)
   defining Unicode char U+00BF (decimal 191)
   defining Unicode char U+00C5 (decimal 197)
   defining Unicode char U+00C6 (decimal 198)
   defining Unicode char U+00D8 (decimal 216)
   defining Unicode char U+00DF (decimal 223)
   defining Unicode char U+00E6 (decimal 230)
   defining Unicode char U+00EC (decimal 236)
   defining Unicode char U+00ED (decimal 237)
   defining Unicode char U+00EE (decimal 238)
   defining Unicode char U+00EF (decimal 239)
   defining Unicode char U+00F8 (decimal 248)
   defining Unicode char U+0131 (decimal 305)
   defining Unicode char U+0141 (decimal 321)
   defining Unicode char U+0142 (decimal 322)
   defining Unicode char U+0152 (decimal 338)
   defining Unicode char U+0153 (decimal 339)
   defining Unicode char U+2013 (decimal 8211)
   defining Unicode char U+2014 (decimal 8212)
   defining Unicode char U+2018 (decimal 8216)
   defining Unicode char U+2019 (decimal 8217)
   defining Unicode char U+201C (decimal 8220)
   defining Unicode char U+201D (decimal 8221)
)
Now handling font encoding OMS ...
... processing UTF-8 mapping file for font encoding OMS

(/usr/local/texlive/2012/texmf-dist/tex/latex/base/omsenc.dfu
File: omsenc.dfu 2008/04/05 v1.1m UTF-8 support for inputenc
   defining Unicode char U+00A7 (decimal 167)
   defining Unicode char U+00B6 (decimal 182)
   defining Unicode char U+00B7 (decimal 183)
   defining Unicode char U+2020 (decimal 8224)
   defining Unicode char U+2021 (decimal 8225)
   defining Unicode char U+2022 (decimal 8226)
)
Now handling font encoding OMX ...
... no UTF-8 mapping file for font encoding OMX
Now handling font encoding U ...
... no UTF-8 mapping file for font encoding U
   defining Unicode char U+00A9 (decimal 169)
   defining Unicode char U+00AA (decimal 170)
   defining Unicode char U+00AE (decimal 174)
   defining Unicode char U+00BA (decimal 186)
   defining Unicode char U+02C6 (decimal 710)
   defining Unicode char U+02DC (decimal 732)
   defining Unicode char U+200C (decimal 8204)
   defining Unicode char U+2026 (decimal 8230)
   defining Unicode char U+2122 (decimal 8482)
   defining Unicode char U+2423 (decimal 9251)
))
(/usr/local/texlive/2012/texmf-dist/tex/latex/base/fontenc.sty
Package: fontenc 2005/09/27 v1.99g Standard LaTeX package

(/usr/local/texlive/2012/texmf-dist/tex/latex/base/t1enc.def
File: t1enc.def 2005/09/27 v1.99g Standard LaTeX file
LaTeX Font Info:    Redeclaring font encoding T1 on input line 43.
))
(/usr/local/texlive/2012/texmf-dist/tex/latex/graphics/graphicx.sty
Package: graphicx 1999/02/16 v1.0f Enhanced LaTeX Graphics (DPC,SPQR)

(/usr/local/texlive/2012/texmf-dist/tex/latex/graphics/keyval.sty
Package: keyval 1999/03/16 v1.13 key=value parser (DPC)
\KV@toks@=\toks16
)
(/usr/local/texlive/2012/texmf-dist/tex/latex/graphics/graphics.sty
Package: graphics 2009/02/05 v1.0o Standard LaTeX Graphics (DPC,SPQR)

(/usr/local/texlive/2012/texmf-dist/tex/latex/graphics/trig.sty
Package: trig 1999/03/16 v1.09 sin cos tan (DPC)
)
(/usr/local/texlive/2012/texmf-dist/tex/latex/latexconfig/graphics.cfg
File: graphics.cfg 2010/04/23 v1.9 graphics configuration of TeX Live
)
Package graphics Info: Driver file: pdftex.def on input line 91.

(/usr/local/texlive/2012/texmf-dist/tex/latex/pdftex-def/pdftex.def
File: pdftex.def 2011/05/27 v0.06d Graphics/color for pdfTeX

(/usr/local/texlive/2012/texmf-dist/tex/generic/oberdiek/infwarerr.sty
Package: infwarerr 2010/04/08 v1.3 Providing info/warning/error messages (HO)
)
(/usr/local/texlive/2012/texmf-dist/tex/generic/oberdiek/ltxcmds.sty
Package: ltxcmds 2011/11/09 v1.22 LaTeX kernel commands for general use (HO)
)
\Gread@gobject=\count89
))
\Gin@req@height=\dimen104
\Gin@req@width=\dimen105
)
(/usr/local/texlive/2012/texmf-dist/tex/latex/ccaption/ccaption.sty
Package: ccaption 2011/08/07 v3.2c Extended captioning and new floats
\@contcwidth=\skip43
\@contindw=\skip44
\abovelegendskip=\skip45
\belowlegendskip=\skip46
\c@newflo@tctr=\count90
)
(/usr/local/texlive/2012/texmf-dist/tex/latex/amsfonts/amssymb.sty
Package: amssymb 2009/06/22 v3.00

(/usr/local/texlive/2012/texmf-dist/tex/latex/amsfonts/amsfonts.sty
Package: amsfonts 2009/06/22 v3.00 Basic AMSFonts support
\@emptytoks=\toks17
\symAMSa=\mathgroup4
\symAMSb=\mathgroup5
LaTeX Font Info:    Overwriting math alphabet `\mathfrak' in version `bold'
(Font)                  U/euf/m/n --> U/euf/b/n on input line 96.
))
(/usr/local/texlive/2012/texmf-dist/tex/latex/tools/indentfirst.sty
Package: indentfirst 1995/11/23 v1.03 Indent first paragraph (DPC)
)
(/usr/local/texlive/2012/texmf-dist/tex/latex/hyperref/hyperref.sty
Package: hyperref 2012/05/13 v6.82q Hypertext links for LaTeX

(/usr/local/texlive/2012/texmf-dist/tex/generic/oberdiek/hobsub-hyperref.sty
Package: hobsub-hyperref 2012/05/28 v1.13 Bundle oberdiek, subset hyperref (HO)


(/usr/local/texlive/2012/texmf-dist/tex/generic/oberdiek/hobsub-generic.sty
Package: hobsub-generic 2012/05/28 v1.13 Bundle oberdiek, subset generic (HO)
Package: hobsub 2012/05/28 v1.13 Construct package bundles (HO)
Package hobsub Info: Skipping package `infwarerr' (already loaded).
Package hobsub Info: Skipping package `ltxcmds' (already loaded).
Package: ifluatex 2010/03/01 v1.3 Provides the ifluatex switch (HO)
Package ifluatex Info: LuaTeX not detected.
Package: ifvtex 2010/03/01 v1.5 Detect VTeX and its facilities (HO)
Package ifvtex Info: VTeX not detected.
Package: intcalc 2007/09/27 v1.1 Expandable calculations with integers (HO)
Package: ifpdf 2011/01/30 v2.3 Provides the ifpdf switch (HO)
Package ifpdf Info: pdfTeX in PDF mode is detected.
Package: etexcmds 2011/02/16 v1.5 Avoid name clashes with e-TeX commands (HO)
Package etexcmds Info: Could not find \expanded.
(etexcmds)             That can mean that you are not using pdfTeX 1.50 or
(etexcmds)             that some package has redefined \expanded.
(etexcmds)             In the latter case, load this package earlier.
Package: kvsetkeys 2012/04/25 v1.16 Key value parser (HO)
Package: kvdefinekeys 2011/04/07 v1.3 Define keys (HO)
Package: pdftexcmds 2011/11/29 v0.20 Utility functions of pdfTeX for LuaTeX (HO
)
Package pdftexcmds Info: LuaTeX not detected.
Package pdftexcmds Info: \pdf@primitive is available.
Package pdftexcmds Info: \pdf@ifprimitive is available.
Package pdftexcmds Info: \pdfdraftmode found.
Package: pdfescape 2011/11/25 v1.13 Implements pdfTeX's escape features (HO)
Package: bigintcalc 2012/04/08 v1.3 Expandable calculations on big integers (HO
)
Package: bitset 2011/01/30 v1.1 Handle bit-vector datatype (HO)
Package: uniquecounter 2011/01/30 v1.2 Provide unlimited unique counter (HO)
)
Package hobsub Info: Skipping package `hobsub' (already loaded).
Package: letltxmacro 2010/09/02 v1.4 Let assignment for LaTeX macros (HO)
Package: hopatch 2012/05/28 v1.2 Wrapper for package hooks (HO)
Package: xcolor-patch 2011/01/30 xcolor patch
Package: atveryend 2011/06/30 v1.8 Hooks at the very end of document (HO)
Package atveryend Info: \enddocument detected (standard20110627).
Package: atbegshi 2011/10/05 v1.16 At begin shipout hook (HO)
Package: refcount 2011/10/16 v3.4 Data extraction from label references (HO)
Package: hycolor 2011/01/30 v1.7 Color options for hyperref/bookmark (HO)
)
(/usr/local/texlive/2012/texmf-dist/tex/generic/ifxetex/ifxetex.sty
Package: ifxetex 2010/09/12 v0.6 Provides ifxetex conditional
)
(/usr/local/texlive/2012/texmf-dist/tex/latex/oberdiek/kvoptions.sty
Package: kvoptions 2011/06/30 v3.11 Key value format for package options (HO)
)
\@linkdim=\dimen106
\Hy@linkcounter=\count91
\Hy@pagecounter=\count92

(/usr/local/texlive/2012/texmf-dist/tex/latex/hyperref/pd1enc.def
File: pd1enc.def 2012/05/13 v6.82q Hyperref: PDFDocEncoding definition (HO)
Now handling font encoding PD1 ...
... no UTF-8 mapping file for font encoding PD1
)
\Hy@SavedSpaceFactor=\count93

(/usr/local/texlive/2012/texmf-dist/tex/latex/latexconfig/hyperref.cfg
File: hyperref.cfg 2002/06/06 v1.2 hyperref configuration of TeXLive
)
Package hyperref Info: Hyper figures OFF on input line 4062.
Package hyperref Info: Link nesting OFF on input line 4067.
Package hyperref Info: Hyper index ON on input line 4070.
Package hyperref Info: Plain pages OFF on input line 4077.
Package hyperref Info: Backreferencing OFF on input line 4082.
Package hyperref Info: Implicit mode ON; LaTeX internals redefined.
Package hyperref Info: Bookmarks ON on input line 4300.
\c@Hy@tempcnt=\count94

(/usr/local/texlive/2012/texmf-dist/tex/latex/url/url.sty
\Urlmuskip=\muskip10
Package: url 2006/04/12  ver 3.3  Verb mode for urls, etc.
)
LaTeX Info: Redefining \url on input line 4653.
\Fld@menulength=\count95
\Field@Width=\dimen107
\Fld@charsize=\dimen108
Package hyperref Info: Hyper figures OFF on input line 5773.
Package hyperref Info: Link nesting OFF on input line 5778.
Package hyperref Info: Hyper index ON on input line 5781.
Package hyperref Info: backreferencing OFF on input line 5788.
Package hyperref Info: Link coloring OFF on input line 5793.
Package hyperref Info: Link coloring with OCG OFF on input line 5798.
Package hyperref Info: PDF/A mode OFF on input line 5803.
LaTeX Info: Redefining \ref on input line 5843.
LaTeX Info: Redefining \pageref on input line 5847.
\Hy@abspage=\count96
\c@Item=\count97
\c@Hfootnote=\count98
)

Package hyperref Message: Driver (autodetected): hpdftex.

(/usr/local/texlive/2012/texmf-dist/tex/latex/hyperref/hpdftex.def
File: hpdftex.def 2012/05/13 v6.82q Hyperref driver for pdfTeX
\Fld@listcount=\count99
\c@bookmark@seq@number=\count100

(/usr/local/texlive/2012/texmf-dist/tex/latex/oberdiek/rerunfilecheck.sty
Package: rerunfilecheck 2011/04/15 v1.7 Rerun checks for auxiliary files (HO)
Package uniquecounter Info: New unique counter `rerunfilecheck' on input line 2
82.
)
\Hy@SectionHShift=\skip47
)
(/usr/local/texlive/2012/texmf-dist/tex/latex/tocbibind/tocbibind.sty
Package: tocbibind 2010/10/13 v1.5k extra ToC listings
Package tocbibind Info: The document has chapter divisions on input line 50.


Package tocbibind Note: Using chapter style headings, unless overridden.

) (/usr/local/texlive/2012/texmf-dist/tex/latex/listings/listings.sty
\lst@mode=\count101
\lst@gtempboxa=\box26
\lst@token=\toks18
\lst@length=\count102
\lst@currlwidth=\dimen109
\lst@column=\count103
\lst@pos=\count104
\lst@lostspace=\dimen110
\lst@width=\dimen111
\lst@newlines=\count105
\lst@lineno=\count106
\lst@maxwidth=\dimen112

(/usr/local/texlive/2012/texmf-dist/tex/latex/listings/lstmisc.sty
File: lstmisc.sty 2007/02/22 1.4 (Carsten Heinz)
\c@lstnumber=\count107
\lst@skipnumbers=\count108
\lst@framebox=\box27
)
(/usr/local/texlive/2012/texmf-dist/tex/latex/listings/listings.cfg
File: listings.cfg 2007/02/22 1.4 listings configuration
))
Package: listings 2007/02/22 1.4 (Carsten Heinz)

(/usr/local/texlive/2012/texmf-dist/tex/latex/tabu/tabu.sty
Package: tabu 2011/02/26 v2.8 - flexible LaTeX tabulars (FC)

(/usr/local/texlive/2012/texmf-dist/tex/latex/tools/array.sty
Package: array 2008/09/09 v2.4c Tabular extension package (FMi)
\col@sep=\dimen113
\extrarowheight=\dimen114
\NC@list=\toks19
\extratabsurround=\skip48
\backup@length=\skip49
)
(/usr/local/texlive/2012/texmf-dist/tex/latex/varwidth/varwidth.sty
Package: varwidth 2009/03/30 ver 0.92;  Variable-width minipages
\@vwid@box=\box28
\sift@deathcycles=\count109
\@vwid@loff=\dimen115
\@vwid@roff=\dimen116
)
\c@taburow=\count110
\tabu@nbcols=\count111
\tabu@cnt=\count112
\tabu@Xcol=\count113
\tabu@alloc=\count114
\tabu@nested=\count115
\tabu@target=\dimen117
\tabu@spreadtarget=\dimen118
\tabu@naturalX=\dimen119
\tabucolX=\dimen120
\tabu@Xsum=\dimen121
\extrarowdepth=\dimen122
\abovetabulinesep=\dimen123
\belowtabulinesep=\dimen124
\tabustrutrule=\dimen125
\tabu@thebody=\toks20
\tabu@footnotes=\toks21
\tabu@box=\box29
\tabu@arstrutbox=\box30
\tabu@hleads=\box31
\tabu@vleads=\box32
\tabu@cellskip=\skip50
)
(/usr/local/texlive/2012/texmf-dist/tex/latex/tools/longtable.sty
Package: longtable 2004/02/01 v4.11 Multi-page Table package (DPC)
\LTleft=\skip51
\LTright=\skip52
\LTpre=\skip53
\LTpost=\skip54
\LTchunksize=\count116
\LTcapwidth=\dimen126
\LT@head=\box33
\LT@firsthead=\box34
\LT@foot=\box35
\LT@lastfoot=\box36
\LT@cols=\count117
\LT@rows=\count118
\c@LT@tables=\count119
\c@LT@chunks=\count120
\LT@p@ftn=\toks22
)
(/usr/local/texlive/2012/texmf-dist/tex/latex/amsmath/amsmath.sty
Package: amsmath 2000/07/18 v2.13 AMS math features
\@mathmargin=\skip55

For additional information on amsmath, use the `?' option.
(/usr/local/texlive/2012/texmf-dist/tex/latex/amsmath/amstext.sty
Package: amstext 2000/06/29 v2.01

(/usr/local/texlive/2012/texmf-dist/tex/latex/amsmath/amsgen.sty
File: amsgen.sty 1999/11/30 v2.0
\@emptytoks=\toks23
\ex@=\dimen127
))
(/usr/local/texlive/2012/texmf-dist/tex/latex/amsmath/amsbsy.sty
Package: amsbsy 1999/11/29 v1.2d
\pmbraise@=\dimen128
)
(/usr/local/texlive/2012/texmf-dist/tex/latex/amsmath/amsopn.sty
Package: amsopn 1999/12/14 v2.01 operator names
)
\inf@bad=\count121
LaTeX Info: Redefining \frac on input line 211.
\uproot@=\count122
\leftroot@=\count123
LaTeX Info: Redefining \overline on input line 307.
\classnum@=\count124
\DOTSCASE@=\count125
LaTeX Info: Redefining \ldots on input line 379.
LaTeX Info: Redefining \dots on input line 382.
LaTeX Info: Redefining \cdots on input line 467.
\Mathstrutbox@=\box37
\strutbox@=\box38
\big@size=\dimen129
LaTeX Font Info:    Redeclaring font encoding OML on input line 567.
LaTeX Font Info:    Redeclaring font encoding OMS on input line 568.
\macc@depth=\count126
\c@MaxMatrixCols=\count127
\dotsspace@=\muskip11
\c@parentequation=\count128
\dspbrk@lvl=\count129
\tag@help=\toks24
\row@=\count130
\column@=\count131
\maxfields@=\count132
\andhelp@=\toks25
\eqnshift@=\dimen130
\alignsep@=\dimen131
\tagshift@=\dimen132
\tagwidth@=\dimen133
\totwidth@=\dimen134
\lineht@=\dimen135
\@envbody=\toks26
\multlinegap=\skip56
\multlinetaggap=\skip57
\mathdisplay@stack=\toks27
LaTeX Info: Redefining \[ on input line 2666.
LaTeX Info: Redefining \] on input line 2667.
)
(./Fronte.aux)
\openout1 = `Fronte.aux'.

LaTeX Font Info:    Checking defaults for OML/cmm/m/it on input line 28.
LaTeX Font Info:    ... okay on input line 28.
LaTeX Font Info:    Checking defaults for T1/cmr/m/n on input line 28.
LaTeX Font Info:    ... okay on input line 28.
LaTeX Font Info:    Checking defaults for OT1/cmr/m/n on input line 28.
LaTeX Font Info:    ... okay on input line 28.
LaTeX Font Info:    Checking defaults for OMS/cmsy/m/n on input line 28.
LaTeX Font Info:    ... okay on input line 28.
LaTeX Font Info:    Checking defaults for OMX/cmex/m/n on input line 28.
LaTeX Font Info:    ... okay on input line 28.
LaTeX Font Info:    Checking defaults for U/cmr/m/n on input line 28.
LaTeX Font Info:    ... okay on input line 28.
LaTeX Font Info:    Checking defaults for PD1/pdf/m/n on input line 28.
LaTeX Font Info:    ... okay on input line 28.

(/usr/local/texlive/2012/texmf-dist/tex/context/base/supp-pdf.mkii
[Loading MPS to PDF converter (version 2006.09.02).]
\scratchcounter=\count133
\scratchdimen=\dimen136
\scratchbox=\box39
\nofMPsegments=\count134
\nofMParguments=\count135
\everyMPshowfont=\toks28
\MPscratchCnt=\count136
\MPscratchDim=\dimen137
\MPnumerator=\count137
\makeMPintoPDFobject=\count138
\everyMPtoPDFconversion=\toks29
) (/usr/local/texlive/2012/texmf-dist/tex/latex/oberdiek/epstopdf-base.sty
Package: epstopdf-base 2010/02/09 v2.5 Base part for package epstopdf

(/usr/local/texlive/2012/texmf-dist/tex/latex/oberdiek/grfext.sty
Package: grfext 2010/08/19 v1.1 Manage graphics extensions (HO)
)
Package grfext Info: Graphics extension search list:
(grfext)             [.png,.pdf,.jpg,.mps,.jpeg,.jbig2,.jb2,.PNG,.PDF,.JPG,.JPE
G,.JBIG2,.JB2,.eps]
(grfext)             \AppendGraphicsExtensions on input line 452.

(/usr/local/texlive/2012/texmf-dist/tex/latex/latexconfig/epstopdf-sys.cfg
File: epstopdf-sys.cfg 2010/07/13 v1.3 Configuration of (r)epstopdf for TeX Liv
e
))
\AtBeginShipoutBox=\box40
Package hyperref Info: Link coloring OFF on input line 28.

(/usr/local/texlive/2012/texmf-dist/tex/latex/hyperref/nameref.sty
Package: nameref 2010/04/30 v2.40 Cross-referencing by name of section

(/usr/local/texlive/2012/texmf-dist/tex/generic/oberdiek/gettitlestring.sty
Package: gettitlestring 2010/12/03 v1.4 Cleanup title references (HO)
)
\c@section@level=\count139
)
LaTeX Info: Redefining \ref on input line 28.
LaTeX Info: Redefining \pageref on input line 28.
LaTeX Info: Redefining \nameref on input line 28.

(./Fronte.out) (./Fronte.out)
\@outlinefile=\write3
\openout3 = `Fronte.out'.

\c@lstlisting=\count140

<images/logo.jpg, id=72, 1250.6725pt x 1250.6725pt>
File: images/logo.jpg Graphic file (type jpg)
 <use images/logo.jpg>
Package pdftex.def Info: images/logo.jpg used on input line 37.
(pdftex.def)             Requested size: 85.3423pt x 85.35826pt.
LaTeX Font Info:    Try loading font information for U+msa on input line 51.

(/usr/local/texlive/2012/texmf-dist/tex/latex/amsfonts/umsa.fd
File: umsa.fd 2009/06/22 v3.00 AMS symbols A
)
LaTeX Font Info:    Try loading font information for U+msb on input line 51.

(/usr/local/texlive/2012/texmf-dist/tex/latex/amsfonts/umsb.fd
File: umsb.fd 2009/06/22 v3.00 AMS symbols B
) [1


{/usr/local/texlive/2012/texmf-var/fonts/map/pdftex/updmap/pdftex.map} <./image
s/logo.jpg>]
(./Fronte.toc)
\tf@toc=\write4
\openout4 = `Fronte.toc'.

 [1



] (./Fronte.lof)
\tf@lof=\write5
\openout5 = `Fronte.lof'.

 [2

] (./Fronte.lot)
\tf@lot=\write6
\openout6 = `Fronte.lot'.

 [3

] (./Introduction.tex
Chapter 1.

Underfull \hbox (badness 10000) in paragraph at lines 5--6

 []


Underfull \hbox (badness 10000) in paragraph at lines 7--8

 []


Underfull \hbox (badness 10000) in paragraph at lines 9--10

 []


Underfull \hbox (badness 10000) in paragraph at lines 11--12

 []

pdfTeX warning (ext4): destination with the same identifier (name{page.1}) has 
been already used, duplicate ignored
<to be read again> 
                   \relax 
l.12 
      [1


] <images/LymphaticSystem.png, id=144, 307.3884pt x 378.213pt>
File: images/LymphaticSystem.png Graphic file (type png)

<use images/LymphaticSystem.png>
Package pdftex.def Info: images/LymphaticSystem.png used on input line 18.
(pdftex.def)             Requested size: 251.9989pt x 310.07318pt.
 [2 <./images/LymphaticSystem.png>]
<images/mapping1.png, id=156, 228.855pt x 142.6128pt>
File: images/mapping1.png Graphic file (type png)

<use images/mapping1.png>
Package pdftex.def Info: images/mapping1.png used on input line 32.
(pdftex.def)             Requested size: 251.9989pt x 157.0421pt.

<images/mapping2.png, id=157, 228.855pt x 142.6128pt>
File: images/mapping2.png Graphic file (type png)

<use images/mapping2.png>
Package pdftex.def Info: images/mapping2.png used on input line 39.
(pdftex.def)             Requested size: 251.9989pt x 157.0421pt.

Underfull \hbox (badness 10000) in paragraph at lines 43--44

 []

[3 <./images/mapping1.png> <./images/mapping2.png>]
Underfull \hbox (badness 10000) in paragraph at lines 45--46

 []

<images/prototype.png, id=167, 455.301pt x 175.857pt>
File: images/prototype.png Graphic file (type png)

<use images/prototype.png>
Package pdftex.def Info: images/prototype.png used on input line 52.
(pdftex.def)             Requested size: 360.0pt x 139.05162pt.
) (./StateOfTheArt.tex [4 <./images/prototype.png>]
Chapter 2.

Underfull \hbox (badness 10000) in paragraph at lines 6--8

 []

[5

]
Underfull \hbox (badness 10000) in paragraph at lines 9--10

 []


Underfull \hbox (badness 10000) in paragraph at lines 14--15

 []


Underfull \hbox (badness 10000) in paragraph at lines 16--17

 []


Underfull \hbox (badness 10000) in paragraph at lines 18--19

 []

[6]
LaTeX Font Info:    Try loading font information for OMS+cmr on input line 22.
 (/usr/local/texlive/2012/texmf-dist/tex/latex/base/omscmr.fd
File: omscmr.fd 1999/05/25 v2.5h Standard LaTeX font definitions
)
LaTeX Font Info:    Font shape `OMS/cmr/m/n' in size <10.95> not available
(Font)              Font shape `OMS/cmsy/m/n' tried instead on input line 22.

Overfull \hbox (2.66092pt too wide) in paragraph at lines 22--23
[]\T1/cmr/m/n/10.95 Locate and cut lymph node dur-ing surgery to pre-vent metas
-ta-sis spread. 
 []


Underfull \hbox (badness 10000) in paragraph at lines 27--28

 []

[7]
Underfull \hbox (badness 10000) in paragraph at lines 48--48
[]\T1/cmr/m/n/10.95 Author,
 []


Underfull \hbox (badness 10000) in paragraph at lines 48--48
[]\T1/cmr/m/n/10.95 Sentinel lymph
 []


Underfull \hbox (badness 10000) in paragraph at lines 48--48
\T1/cmr/m/n/10.95 node map-ping
 []


Underfull \hbox (badness 10000) in paragraph at lines 48--48
\T1/cmr/m/n/10.95 and re-sec-tion
 []


Underfull \hbox (badness 1895) in paragraph at lines 48--48
\T1/cmr/m/n/10.95 in breast can-cer
 []


Underfull \hbox (badness 10000) in paragraph at lines 48--48
[]\T1/cmr/m/n/10.95 Unspecified
 []


Underfull \hbox (badness 10000) in paragraph at lines 48--48
\T1/cmr/m/n/10.95 amount of
 []


Underfull \hbox (badness 10000) in paragraph at lines 48--48
\T1/cmr/m/n/10.95 5mg/ml
 []


Underfull \hbox (badness 10000) in paragraph at lines 48--48
[]\T1/cmr/m/n/10.95 Observed sub-
 []


Underfull \hbox (badness 10000) in paragraph at lines 48--48
\T1/cmr/m/n/10.95 cu-ta-neous lym-
 []


Underfull \hbox (badness 10000) in paragraph at lines 48--48
\T1/cmr/m/n/10.95 phatic ves-sels
 []


Underfull \hbox (badness 10000) in paragraph at lines 48--48
\T1/cmr/m/n/10.95 in all pa-tients
 []


Underfull \hbox (badness 10000) in paragraph at lines 48--48
\T1/cmr/m/n/10.95 and iden-ti-fied
 []


Underfull \hbox (badness 1270) in paragraph at lines 48--48
\T1/cmr/m/n/10.95 ac-tive propul-sion
 []


Underfull \hbox (badness 10000) in paragraph at lines 48--48
[]\T1/cmr/m/n/10.95 Ogata et
 []


Underfull \hbox (badness 10000) in paragraph at lines 48--48
\T1/cmr/m/n/10.95 al., 2007,
 []


Underfull \hbox (badness 10000) in paragraph at lines 48--48
[]\T1/cmr/m/n/10.95 Intraoperative
 []


Underfull \hbox (badness 10000) in paragraph at lines 48--48
\T1/cmr/m/n/10.95 guid-ance for
 []


Underfull \hbox (badness 10000) in paragraph at lines 48--48
\T1/cmr/m/n/10.95 per-sons with
 []


Underfull \hbox (badness 10000) in paragraph at lines 48--48
\T1/cmr/m/n/10.95 lym-phati-covenu-
 []


Underfull \hbox (badness 10000) in paragraph at lines 48--48
\T1/cmr/m/n/10.95 lar anas-to-moses
 []


Underfull \hbox (badness 1755) in paragraph at lines 48--48
\T1/cmr/m/n/10.95 for treat-ment of
 []


Underfull \hbox (badness 10000) in paragraph at lines 48--48
[]\T1/cmr/m/n/10.95 Diagnose lym-
 []


Underfull \hbox (badness 10000) in paragraph at lines 48--48
\T1/cmr/m/n/10.95 phedema us-ing
 []


Underfull \hbox (badness 10000) in paragraph at lines 48--48
\T1/cmr/m/n/10.95 flu-o-res-cence
 []


Underfull \hbox (badness 10000) in paragraph at lines 48--48
[]\T1/cmr/m/n/10.95 Imaged and
 []


Underfull \hbox (badness 10000) in paragraph at lines 48--48
\T1/cmr/m/n/10.95 com-pared the
 []


Underfull \hbox (badness 10000) in paragraph at lines 48--48
\T1/cmr/m/n/10.95 nor-mal sub-jects
 []


Underfull \hbox (badness 2884) in paragraph at lines 48--48
\T1/cmr/m/n/10.95 and 12 sub-jects
 []


Underfull \hbox (badness 10000) in paragraph at lines 48--48
\T1/cmr/m/n/10.95 with sec-ondary
 []


Underfull \hbox (badness 10000) in paragraph at lines 48--48
\T1/cmr/m/n/10.95 lym-phedema of
 []


Underfull \hbox (badness 3590) in paragraph at lines 48--48
\T1/cmr/m/n/10.95 o-res-cent fea-tures
 []


Underfull \hbox (badness 10000) in paragraph at lines 48--48
\T1/cmr/m/n/10.95 in lym-phedema
 []


Underfull \hbox (badness 10000) in paragraph at lines 48--48
\T1/cmr/m/n/10.95 sub-jects and
 []


Underfull \hbox (badness 10000) in paragraph at lines 48--48
\T1/cmr/m/n/10.95 al., 2008,
 []


Underfull \hbox (badness 10000) in paragraph at lines 48--48
[]\T1/cmr/m/n/10.95 Sentinel lymph
 []


Underfull \hbox (badness 10000) in paragraph at lines 48--48
\T1/cmr/m/n/10.95 node map-ping
 []


Underfull \hbox (badness 10000) in paragraph at lines 48--48
\T1/cmr/m/n/10.95 and re-sec-tion
 []


Underfull \hbox (badness 10000) in paragraph at lines 48--48
\T1/cmr/m/n/10.95 in skin can-cer
 []


Underfull \hbox (badness 10000) in paragraph at lines 48--48
[]\T1/cmr/m/n/10.95 Unspecified
 []


Underfull \hbox (badness 10000) in paragraph at lines 48--48
\T1/cmr/m/n/10.95 num-ber of
 []


Underfull \hbox (badness 10000) in paragraph at lines 48--48
\T1/cmr/m/n/10.95 in-jec-tions
 []


Underfull \hbox (badness 10000) in paragraph at lines 48--48
\T1/cmr/m/n/10.95 con-tain-ing
 []


Underfull \hbox (badness 10000) in paragraph at lines 48--48
[]\T1/cmr/m/n/10.95 Successfully
 []


Underfull \hbox (badness 10000) in paragraph at lines 48--48
\T1/cmr/m/n/10.95 ob-served and
 []


Underfull \hbox (badness 10000) in paragraph at lines 48--48
\T1/cmr/m/n/10.95 iden-ti-fied lym-
 []


Underfull \hbox (badness 1270) in paragraph at lines 48--48
\T1/cmr/m/n/10.95 ac-tive propul-sion
 []


Underfull \hbox (badness 10000) in paragraph at lines 48--48
[]\T1/cmr/m/n/10.95 Sevick-
 []


Underfull \hbox (badness 10000) in paragraph at lines 48--48
\T1/cmr/m/n/10.95 Muraca et
 []


Underfull \hbox (badness 10000) in paragraph at lines 48--48
\T1/cmr/m/n/10.95 al.,2008,
 []


Underfull \hbox (badness 10000) in paragraph at lines 48--48
[]\T1/cmr/m/n/10.95 Dose es-ca-la-tion
 []


Underfull \hbox (badness 10000) in paragraph at lines 48--48
\T1/cmr/m/n/10.95 ping in breast
 []


Underfull \hbox (badness 2401) in paragraph at lines 48--48
[]\T1/cmr/m/n/10.95 Established min-
 []


Underfull \hbox (badness 10000) in paragraph at lines 48--48
\T1/cmr/m/n/10.95 i-mal dosage of
 []


Underfull \hbox (badness 7685) in paragraph at lines 48--48
\T1/cmr/m/n/10.95 ICG needed to
 []


Underfull \hbox (badness 10000) in paragraph at lines 48--48
\T1/cmr/m/n/10.95 ob-serve lym-
 []


Underfull \hbox (badness 1325) in paragraph at lines 48--48
\T1/cmr/m/n/10.95 phatic traf-fick-ing
 []


Underfull \hbox (badness 10000) in paragraph at lines 48--48
\T1/cmr/m/n/10.95 To our knowl-
 []


Underfull \hbox (badness 1077) in paragraph at lines 48--48
\T1/cmr/m/n/10.95 edge is the first
 []


Underfull \hbox (badness 2443) in paragraph at lines 48--48
\T1/cmr/m/n/10.95 was ob-served in
 []


Underfull \hbox (badness 10000) in paragraph at lines 48--48
[]\T1/cmr/m/n/10.95 Ogasawara
 []


Underfull \hbox (badness 10000) in paragraph at lines 48--48
\T1/cmr/m/n/10.95 et al.,
 []


Underfull \hbox (badness 10000) in paragraph at lines 48--48
[]\T1/cmr/m/n/10.95 Evaluate breast
 []


Underfull \hbox (badness 10000) in paragraph at lines 48--48
\T1/cmr/m/n/10.95 lym-phatic path-
 []


Underfull \hbox (badness 1242) in paragraph at lines 48--48
\T1/cmr/m/n/10.95 ways in pa-tients
 []


Underfull \hbox (badness 10000) in paragraph at lines 48--48
\T1/cmr/m/n/10.95 with breast
 []


Underfull \hbox (badness 10000) in paragraph at lines 48--48
\T1/cmr/m/n/10.95 drainage path-
 []


Underfull \hbox (badness 10000) in paragraph at lines 48--48
\T1/cmr/m/n/10.95 ways from dif-
 []


Underfull \hbox (badness 10000) in paragraph at lines 48--48
\T1/cmr/m/n/10.95 fer-ent ar-eas of
 []


Underfull \hbox (badness 10000) in paragraph at lines 48--48
[]\T1/cmr/m/n/10.95 Measure tran-sit
 []


Underfull \hbox (badness 10000) in paragraph at lines 48--48
\T1/cmr/m/n/10.95 and in-guinal
 []


Underfull \hbox (badness 10000) in paragraph at lines 48--48
\T1/cmr/m/n/10.95 pared tran-sit
 []


Underfull \hbox (badness 2884) in paragraph at lines 48--48
\T1/cmr/m/n/10.95 sub-jects and 17
 []


Underfull \hbox (badness 10000) in paragraph at lines 48--48
\T1/cmr/m/n/10.95 sub-jects un-der-
 []


Underfull \hbox (badness 4429) in paragraph at lines 48--48
\T1/cmr/m/n/10.95 go-ing ab-dom-i-nal
 []


Underfull \hbox (badness 10000) in paragraph at lines 48--48
\T1/cmr/m/n/10.95 aor-tic aneurysm
 []


Underfull \hbox (badness 7238) in paragraph at lines 48--48
\T1/cmr/m/n/10.95 lated flu-o-res-cent
 []


Underfull \hbox (badness 10000) in paragraph at lines 48--48
\T1/cmr/m/n/10.95 ve-loc-i-ties with
 []


Underfull \hbox (badness 10000) in paragraph at lines 48--48
\T1/cmr/m/n/10.95 lym-phoscintig-
 []


Underfull \hbox (badness 10000) in paragraph at lines 48--48
\T1/cmr/m/n/10.95 ra-phy ve-loc-i-ties.
 []


Underfull \hbox (badness 10000) in paragraph at lines 48--48
\T1/cmr/m/n/10.95 Re-ported pul-
 []


Underfull \hbox (badness 10000) in paragraph at lines 48--48
[]\T1/cmr/m/n/10.95 Sevick-
 []


Underfull \hbox (badness 10000) in paragraph at lines 48--48
\T1/cmr/m/n/10.95 Ras-mussen,
 []


Underfull \hbox (badness 10000) in paragraph at lines 48--48
\T1/cmr/m/n/10.95 2008, [32]
 []


Underfull \hbox (badness 10000) in paragraph at lines 48--48
\T1/cmr/m/n/10.95 Sharma et
 []


Underfull \hbox (badness 10000) in paragraph at lines 48--48
\T1/cmr/m/n/10.95 al., 2008,
 []


Underfull \hbox (badness 10000) in paragraph at lines 48--48
\T1/cmr/m/n/10.95 to quan-ti-ta-
 []


Underfull \hbox (badness 10000) in paragraph at lines 48--48
\T1/cmr/m/n/10.95 tively com-pare
 []


Underfull \hbox (badness 10000) in paragraph at lines 48--48
\T1/cmr/m/n/10.95 lymph func-tion
 []


Underfull \hbox (badness 10000) in paragraph at lines 48--48
\T1/cmr/m/n/10.95 be-tween nor-mal
 []


Underfull \hbox (badness 1072) in paragraph at lines 48--48
\T1/cmr/m/n/10.95 and lym-phedema
 []


Underfull \hbox (badness 10000) in paragraph at lines 48--48
\T1/cmr/m/n/10.95 vided snap-shots
 []


Underfull \hbox (badness 10000) in paragraph at lines 48--48
\T1/cmr/m/n/10.95 of an on-go-ing
 []


Underfull \hbox (badness 10000) in paragraph at lines 48--48
\T1/cmr/m/n/10.95 clin-i-cal trial of
 []


Underfull \hbox (badness 10000) in paragraph at lines 48--48
\T1/cmr/m/n/10.95 lym-phatic func-
 []


Underfull \hbox (badness 5203) in paragraph at lines 48--48
\T1/cmr/m/n/10.95 tion. Ve-loc-ity
 []


Underfull \hbox (badness 10000) in paragraph at lines 48--48
\T1/cmr/m/n/10.95 and pe-riod of
 []


Underfull \hbox (badness 10000) in paragraph at lines 48--48
\T1/cmr/m/n/10.95 propul-sive flow
 []


Underfull \hbox (badness 10000) in paragraph at lines 48--48
\T1/cmr/m/n/10.95 were cal-cu-lated,
 []


Underfull \hbox (badness 1502) in paragraph at lines 48--48
\T1/cmr/m/n/10.95 eased lym-phat-ics
 []


Overfull \hbox (52.3189pt too wide) in alignment at lines 48--48
 [] [] [] [] [] 
 []

[8] [9] <images/kinect.png, id=230, 339.1872pt x 156.585pt>
File: images/kinect.png Graphic file (type png)

<use images/kinect.png>
Package pdftex.def Info: images/kinect.png used on input line 57.
(pdftex.def)             Requested size: 360.0pt x 166.20628pt.
 [10]
<images/depthMap.png, id=239, 309.7974pt x 232.2276pt>
File: images/depthMap.png Graphic file (type png)

<use images/depthMap.png>
Package pdftex.def Info: images/depthMap.png used on input line 66.
(pdftex.def)             Requested size: 251.9989pt x 188.90768pt.

Underfull \hbox (badness 10000) in paragraph at lines 70--71

 []

[11 <./images/kinect.png> <./images/depthMap.png>]
Underfull \hbox (badness 10000) in paragraph at lines 72--73

 []


Underfull \hbox (badness 10000) in paragraph at lines 74--75

 []


Underfull \hbox (badness 10000) in paragraph at lines 76--77

 []


Underfull \hbox (badness 10000) in paragraph at lines 83--84

 []

[12]
Underfull \hbox (badness 10000) in paragraph at lines 85--86

 []


Underfull \hbox (badness 10000) in paragraph at lines 87--88

 []


Underfull \hbox (badness 10000) in paragraph at lines 91--92

 []


Underfull \hbox (badness 10000) in paragraph at lines 93--94

 []

<images/pinhole.png, id=265, 455.301pt x 187.902pt>
File: images/pinhole.png Graphic file (type png)
 <use images/pinhole.png>
Package pdftex.def Info: images/pinhole.png used on input line 98.
(pdftex.def)             Requested size: 360.0pt x 148.5757pt.

[13] <images/simplifiedPinhole.png, id=276, 455.301pt x 258.2448pt>
File: images/simplifiedPinhole.png Graphic file (type png)

<use images/simplifiedPinhole.png>
Package pdftex.def Info: images/simplifiedPinhole.png used on input line 113.
(pdftex.def)             Requested size: 360.0pt x 204.19635pt.
 [14 <./images/pinhole.png> <./images/simplifiedPinhole.png>]
Underfull \hbox (badness 10000) in paragraph at lines 147--148

 []


Underfull \hbox (badness 10000) in paragraph at lines 164--165

 []


Underfull \hbox (badness 10000) in paragraph at lines 166--167

 []

[15]
Underfull \hbox (badness 10000) in paragraph at lines 172--173

 []


Underfull \hbox (badness 10000) in paragraph at lines 205--206

 []

[16]) [17] (./Fronte.bbl [18



] [19] [20])
Package atveryend Info: Empty hook `BeforeClearDocument' on input line 101.
 [21]
Package atveryend Info: Empty hook `AfterLastShipout' on input line 101.
 (./Fronte.aux)
Package atveryend Info: Executing hook `AtVeryEndDocument' on input line 101.
Package atveryend Info: Executing hook `AtEndAfterFileList' on input line 101.
Package rerunfilecheck Info: File `Fronte.out' has not changed.
(rerunfilecheck)             Checksum: 71C51A10EA772A23C261F32392E11311;1043.
Package atveryend Info: Empty hook `AtVeryVeryEnd' on input line 101.
 ) 
Here is how much of TeX's memory you used:
 9212 strings out of 493488
 129358 string characters out of 3141326
 235158 words of memory out of 3000000
 12268 multiletter control sequences out of 15000+200000
 22430 words of font info for 51 fonts, out of 3000000 for 9000
 957 hyphenation exceptions out of 8191
 29i,10n,32p,1075b,624s stack positions out of 5000i,500n,10000p,200000b,50000s
{/usr/local/texlive/2012/texmf-dist/fonts/enc/dvips/cm-super/cm-super-t1.enc}
</usr/local/texlive/2012/texmf-dist/fonts/type1/public/amsfonts/cm/cmex10.pfb><
/usr/local/texlive/2012/texmf-dist/fonts/type1/public/amsfonts/cm/cmmi10.pfb></
usr/local/texlive/2012/texmf-dist/fonts/type1/public/amsfonts/cm/cmmi8.pfb></us
r/local/texlive/2012/texmf-dist/fonts/type1/public/amsfonts/cm/cmr10.pfb></usr/
local/texlive/2012/texmf-dist/fonts/type1/public/amsfonts/cm/cmr8.pfb></usr/loc
al/texlive/2012/texmf-dist/fonts/type1/public/amsfonts/cm/cmsy10.pfb></usr/loca
l/texlive/2012/texmf-dist/fonts/type1/public/cm-super/sfbi1728.pfb></usr/local/
texlive/2012/texmf-dist/fonts/type1/public/cm-super/sfbx1095.pfb></usr/local/te
xlive/2012/texmf-dist/fonts/type1/public/cm-super/sfbx1200.pfb></usr/local/texl
ive/2012/texmf-dist/fonts/type1/public/cm-super/sfbx1440.pfb></usr/local/texliv
e/2012/texmf-dist/fonts/type1/public/cm-super/sfbx2074.pfb></usr/local/texlive/
2012/texmf-dist/fonts/type1/public/cm-super/sfbx2488.pfb></usr/local/texlive/20
12/texmf-dist/fonts/type1/public/cm-super/sfcc1440.pfb></usr/local/texlive/2012
/texmf-dist/fonts/type1/public/cm-super/sfcc1728.pfb></usr/local/texlive/2012/t
exmf-dist/fonts/type1/public/cm-super/sfrm0800.pfb></usr/local/texlive/2012/tex
mf-dist/fonts/type1/public/cm-super/sfrm1000.pfb></usr/local/texlive/2012/texmf
-dist/fonts/type1/public/cm-super/sfrm1095.pfb></usr/local/texlive/2012/texmf-d
ist/fonts/type1/public/cm-super/sfti1095.pfb></usr/local/texlive/2012/texmf-dis
t/fonts/type1/public/cm-super/sfxc1440.pfb>
Output written on Fronte.pdf (25 pages, 1642969 bytes).
PDF statistics:
 431 PDF objects out of 1000 (max. 8388607)
 364 compressed objects within 4 object streams
 93 named destinations out of 1000 (max. 500000)
 182 words of extra memory for PDF output out of 10000 (max. 10000000)

